2026-01-18 17:11:39,600 - INFO - Setting up Chrome WebDriver...
2026-01-18 17:11:39,603 - INFO - ====== WebDriver manager ======
2026-01-18 17:11:41,768 - INFO - Get LATEST chromedriver version for google-chrome
2026-01-18 17:11:43,808 - INFO - Get LATEST chromedriver version for google-chrome
2026-01-18 17:11:46,837 - INFO - Get LATEST chromedriver version for google-chrome
2026-01-18 17:12:18,345 - INFO - WebDriver version 143.0.7499.192 selected
2026-01-18 17:12:18,362 - INFO - Modern chrome version https://storage.googleapis.com/chrome-for-testing-public/143.0.7499.192/win32/chromedriver-win32.zip
2026-01-18 17:12:18,362 - INFO - About to download new driver from https://storage.googleapis.com/chrome-for-testing-public/143.0.7499.192/win32/chromedriver-win32.zip
2026-01-18 17:12:20,611 - INFO - Driver downloading response is 200
2026-01-18 17:15:44,869 - INFO - Get LATEST chromedriver version for google-chrome
2026-01-18 17:15:47,487 - INFO - Driver has been saved in cache [C:\Users\ziha_aman\.wdm\drivers\chromedriver\win64\143.0.7499.192]
2026-01-18 17:15:52,359 - INFO - WebDriver setup complete - Browser should be visible now!
2026-01-18 17:15:52,369 - INFO - Searching: https://www.google.com/maps/search/dental clinics+in+kampala, uganda
2026-01-18 17:16:34,932 - INFO - Search page loaded - you should see results now
2026-01-18 17:16:34,933 - INFO - Scrolling to load results...
2026-01-18 17:16:37,052 - INFO - Scroll 1/3 complete
2026-01-18 17:16:39,333 - INFO - Scroll 2/3 complete
2026-01-18 17:16:41,468 - INFO - Scroll 3/3 complete
2026-01-18 17:16:41,485 - INFO - Finding business listings...
2026-01-18 17:16:41,571 - INFO - Processing business 1/10...
2026-01-18 17:17:56,457 - INFO - ✓ Extracted: N/A | Phone: 0744000777 | Website: http://victorydentalhub.com/
2026-01-18 17:17:57,494 - INFO - Processing business 1/10...
2026-01-18 17:18:24,705 - INFO - ✓ Extracted: Dental World Clinic | Phone: 0703337738 | Website: N/A
2026-01-18 17:18:25,756 - INFO - Processing business 2/10...
2026-01-18 17:18:31,165 - INFO - ✓ Extracted: Dental clinic in kampala - Victory dental hub | Phone: 0744000777 | Website: http://victorydentalhub.com/
2026-01-18 17:18:32,212 - INFO - Processing business 3/10...
2026-01-18 17:18:38,637 - INFO - ✓ Extracted: Kay's Dental Clinic | Phone: 0200741500 | Website: http://www.kaysdentalclinic.com/
2026-01-18 17:18:39,745 - INFO - Processing business 4/10...
2026-01-18 17:18:50,671 - INFO - ✓ Extracted: Kay's Dental Clinic | Phone: 0772728222 | Website: http://www.basilsdentalclinic.com/
2026-01-18 17:18:51,821 - INFO - Processing business 5/10...
2026-01-18 17:19:25,579 - INFO - ✓ Extracted: Basil's dental clinic kampala | Phone: 0772728222 | Website: N/A
2026-01-18 17:19:26,611 - INFO - Processing business 6/10...
2026-01-18 17:19:33,821 - INFO - ✓ Extracted: Code Clinic | Phone: 0394836298 | Website: https://www.codeclinic.ug/
2026-01-18 17:19:34,879 - INFO - Processing business 7/10...
2026-01-18 17:19:42,047 - INFO - ✓ Extracted: Code Clinic | Phone: 0759021169 | Website: http://www.alisadentalservices.com/
2026-01-18 17:19:43,071 - INFO - Processing business 8/10...
2026-01-18 17:19:48,132 - INFO - ✓ Extracted: Bhandari Dental Care | Phone: 0756721086 | Website: http://www.bhandaridentalcare.co.ug/
2026-01-18 17:19:49,149 - INFO - Processing business 9/10...
2026-01-18 17:19:54,085 - INFO - ✓ Extracted: Bhandari Dental Care | Phone: 0756721086 | Website: http://www.bhandaridentalcare.co.ug/
2026-01-18 17:19:55,103 - INFO - Processing business 10/10...
2026-01-18 17:20:00,298 - INFO - ✓ Extracted: Bhandari Dental Care | Phone: 0756721086 | Website: http://www.bhandaridentalcare.co.ug/
2026-01-18 17:20:01,300 - INFO - Scraping complete! Collected 10 businesses
2026-01-18 17:20:01,306 - INFO - Keeping browser open for 5 seconds so you can see the results...
2026-01-18 17:20:12,144 - INFO - Browser closed
2026-01-18 17:20:12,169 - INFO - Data saved to C:\Users\ziha_aman\Desktop\locallead\LocalLead Automator\data\leads_raw.csv
2026-01-18 17:20:12,170 - INFO - 
=== DATA PREVIEW ===
2026-01-18 17:20:12,180 - INFO - 1. Dental World Clinic | Website: N/A | Phone: 0703337738
2026-01-18 17:20:12,184 - INFO - 2. Dental clinic in kampala - Victory dental hub | Website: http://victorydentalhub.com/ | Phone: 0744000777
2026-01-18 17:20:12,185 - INFO - 3. Kay's Dental Clinic | Website: http://www.kaysdentalclinic.com/ | Phone: 0200741500
2026-01-18 17:20:12,185 - INFO - 4. Kay's Dental Clinic | Website: http://www.basilsdentalclinic.com/ | Phone: 0772728222
2026-01-18 17:20:12,186 - INFO - 5. Basil's dental clinic kampala | Website: N/A | Phone: 0772728222
2026-01-18 17:20:12,186 - INFO - 6. Code Clinic | Website: https://www.codeclinic.ug/ | Phone: 0394836298
2026-01-18 17:20:12,187 - INFO - 7. Code Clinic | Website: http://www.alisadentalservices.com/ | Phone: 0759021169
2026-01-18 17:20:12,188 - INFO - 8. Bhandari Dental Care | Website: http://www.bhandaridentalcare.co.ug/ | Phone: 0756721086
2026-01-18 17:20:12,188 - INFO - 9. Bhandari Dental Care | Website: http://www.bhandaridentalcare.co.ug/ | Phone: 0756721086
2026-01-18 17:20:12,189 - INFO - 10. Bhandari Dental Care | Website: http://www.bhandaridentalcare.co.ug/ | Phone: 0756721086
2026-01-18 17:20:16,260 - INFO - Loading data from C:\Users\ziha_aman\Desktop\locallead\LocalLead Automator\data\leads_raw.csv...
2026-01-18 17:20:16,279 - INFO - Loaded 10 businesses
2026-01-18 17:20:16,283 - INFO - 
=== BEFORE FILTERING ===
2026-01-18 17:20:16,287 - INFO - Total businesses: 10
2026-01-18 17:20:16,292 - INFO - Businesses WITH websites: 8
2026-01-18 17:20:16,304 - INFO - Businesses WITHOUT websites: 2
2026-01-18 17:20:16,318 - INFO - Businesses with phone: 10
2026-01-18 17:20:16,320 - INFO - Businesses with email: 10
2026-01-18 17:20:16,331 - INFO - 
✓ After NO WEBSITE filter: 2 businesses (removed 8 with websites)
2026-01-18 17:20:16,332 - INFO - 
📞 Checking contact info...
2026-01-18 17:20:16,333 - INFO -   Businesses with phone: 2
2026-01-18 17:20:16,335 - INFO -   Businesses with email: 2
2026-01-18 17:20:16,337 - INFO - ✓ After CONTACT filter: 2 businesses (removed 0 without contact)
2026-01-18 17:20:16,345 - INFO - 
⭐ Checking ratings (minimum: 2.5)...
2026-01-18 17:20:16,358 - INFO -   - Dental World Clinic | Rating: 5.0
2026-01-18 17:20:16,365 - INFO -   - Basil's dental clinic kampala | Rating: 4.7
2026-01-18 17:20:16,375 - INFO - ✓ After RATING filter: 2 businesses (removed 0 with low ratings)
2026-01-18 17:20:16,376 - INFO - ✓ Review filter skipped (MIN_REVIEWS = 0)
2026-01-18 17:20:16,438 - INFO - 
✓ Filtered data saved to C:\Users\ziha_aman\Desktop\locallead\LocalLead Automator\data\leads_qualified.csv
2026-01-18 17:20:16,442 - INFO - 📊 SUMMARY: 10 scraped -> 2 QUALIFIED LEADS
2026-01-18 17:20:16,453 - INFO - 
=== ✅ QUALIFIED LEADS (NO WEBSITE + HAS CONTACT) ===
2026-01-18 17:20:16,456 - INFO - 1. Dental World Clinic | Phone: 703337738 | Rating: 5.0
2026-01-18 17:20:16,490 - INFO - 5. Basil's dental clinic kampala | Phone: 772728222 | Rating: 4.7
2026-01-18 17:20:16,501 - INFO - Loading qualified leads from C:\Users\ziha_aman\Desktop\locallead\LocalLead Automator\data\leads_qualified.csv...
2026-01-18 17:20:16,532 - INFO - Found 2 qualified leads to enrich
2026-01-18 17:20:16,532 - INFO - Setting up Chrome WebDriver for enrichment...
2026-01-18 17:20:16,542 - INFO - ====== WebDriver manager ======
2026-01-18 17:20:21,458 - INFO - Get LATEST chromedriver version for google-chrome
2026-01-18 17:20:46,585 - INFO - Get LATEST chromedriver version for google-chrome
2026-01-18 17:20:56,625 - INFO - Driver [C:\Users\ziha_aman\.wdm\drivers\chromedriver\win64\143.0.7499.192\chromedriver-win32/chromedriver.exe] found in cache
2026-01-18 17:20:59,002 - INFO - WebDriver ready for enrichment!
2026-01-18 17:20:59,004 - INFO - 
--- Enriching 1/2 ---
2026-01-18 17:20:59,010 - INFO - 🔍 Enriching: Dental World Clinic
2026-01-18 17:23:22,901 - INFO - ✅ Enriched: Dental World Clinic | About: 3 chars | Reviews: 0
2026-01-18 17:23:23,903 - INFO - 
--- Enriching 2/2 ---
2026-01-18 17:23:23,905 - INFO - 🔍 Enriching: Basil's dental clinic kampala
2026-01-18 17:23:45,285 - INFO - ✅ Enriched: Basil's dental clinic kampala | About: 3 chars | Reviews: 0
2026-01-18 17:23:46,314 - INFO - 
✅ Enrichment complete! Saved to C:\Users\ziha_aman\Desktop\locallead\LocalLead Automator\data\leads_enriched.csv
2026-01-18 17:23:46,316 - INFO - 📊 Enriched 2 businesses
2026-01-18 17:23:46,317 - INFO - Keeping browser open for 5 seconds...
2026-01-18 17:23:53,994 - INFO - Browser closed
2026-01-18 17:23:58,075 - INFO - Reading enriched CSV: C:\Users\ziha_aman\Desktop\locallead\LocalLead Automator\data\leads_enriched.csv
2026-01-18 17:23:58,113 - INFO - ✅ 2 businesses generated
2026-01-18 17:23:58,115 - INFO - ✅ public/data/businesses/index.json created
2026-01-18 17:23:58,120 - INFO - ✅ meta.json generated
